Arguments: 
  C:\JAVA-INTELLIJ-PROJECTS\NexGenEureka\target\node\node.exe C:\JAVA-INTELLIJ-PROJECTS\NexGenEureka\target\node\yarn\dist\bin\yarn.js install

PATH: 
  C:\JAVA-INTELLIJ-PROJECTS\NexGenEureka\target\node;C:\JAVA-INTELLIJ-PROJECTS\NexGenEureka\target\node\yarn\dist\bin;C:\Program Files\Java\jdk1.8.0_301\bin;C:\Program Files\Common Files\Oracle\Java\javapath;C:\Program Files (x86)\Common Files\Oracle\Java\javapath;C:\WINDOWS\system32;C:\WINDOWS;C:\WINDOWS\System32\Wbem;C:\WINDOWS\System32\WindowsPowerShell\v1.0\;C:\WINDOWS\System32\OpenSSH\;C:\Program Files\Microsoft SQL Server\Client SDK\ODBC\170\Tools\Binn\;C:\Program Files (x86)\Microsoft SQL Server\150\Tools\Binn\;C:\Program Files\Microsoft SQL Server\150\Tools\Binn\;C:\Program Files\Microsoft SQL Server\150\DTS\Binn\;C:\Program Files (x86)\Microsoft SQL Server\150\DTS\Binn\;C:\Program Files\Azure Data Studio\bin;C:\Programs\apache-maven-3.8.3\bin;C:\Program Files\Docker\Docker\resources\bin;C:\ProgramData\DockerDesktop\version-bin;C:\Programs\gradle-7.3.3\bin;C:\Program Files (x86)\dotnet\;C:\Program Files\Git\cmd;C:\Program Files\nodejs\;C:\Users\zrosk\AppData\Local\Microsoft\WindowsApps;C:\Program Files\Azure Data Studio\bin;C:\Program Files\JetBrains\PyCharm 2021.2.3\bin;;JAVA_HOME;C:\Program Files\JetBrains\IntelliJ IDEA Community Edition 2021.2.3\bin;;C:\Users\zrosk\AppData\Local\Programs\Microsoft VS Code\bin;C:\Programs\Sonar Scanner\sonar-scanner-4.4.0.2170-windows\bin;C:\Users\zrosk\AppData\Local\GitHubDesktop\bin;MAVEN_HOME;C:\Programs\apache-maven-3.8.3\bin;C:\Users\zrosk\AppData\Roaming\npm;

Yarn version: 
  1.16.0

Node version: 
  18.16.0

Platform: 
  win32 x64

Trace: 
  Error: EPERM: operation not permitted, unlink 'C:\Users\zrosk\AppData\Local\Yarn\Cache\v4\npm-lodash-4.17.21-679591c564c3bffaae8454cf0b3df370c3d6911c\node_modules\lodash\.yarn-tarball.tgz'

npm manifest: 
  {
    "name": "Admin",
    "version": "0.1.0",
    "private": true,
    "dependencies": {
      "@testing-library/jest-dom": "^5.16.5",
      "@testing-library/react": "^13.4.0",
      "@testing-library/user-event": "^13.5.0",
      "axios": "^1.4.0",
      "bootstrap": "^5.2.3",
      "react": "^18.2.0",
      "react-dom": "^18.2.0",
      "react-router-dom": "^6.11.2",
      "react-scripts": "5.0.1",
      "web-vitals": "^2.1.4"
    },
    "scripts": {
      "start": "react-scripts start",
      "build": "react-scripts build",
      "test": "react-scripts test",
      "eject": "react-scripts eject"
    },
    "eslintConfig": {
      "extends": [
        "react-app",
        "react-app/jest"
      ]
    },
    "browserslist": {
      "production": [
        ">0.2%",
        "not dead",
        "not op_mini all"
      ],
      "development": [
        "last 1 chrome version",
        "last 1 firefox version",
        "last 1 safari version"
      ]
    }
  }

yarn manifest: 
  No manifest

Lockfile: 
  No lockfile
